<?xml version="1.0" encoding="UTF-8"?>
<testsuite name="Ver lista actualizada de asientos disponibles durante la selección." tests="1" skipped="0" failures="0" errors="0" timestamp="2024-05-26T00:50:35" hostname="PC-Jair" time="0.901">
  <properties/>
  <testcase name="Ver lista actualizada de asientos disponibles." classname="Ver lista actualizada de asientos disponibles durante la selección." time="0.901"/>
  <system-out><![CDATA[]]></system-out>
  <system-err><![CDATA[]]></system-err>
</testsuite>
